1594233194727:help
1594233702552:exit
1594235105788:help
1594236054908:exit
1594236085533:ping
1594236232694:help
1594236257304:ping
1594236259825:exit
1594236279894:ping ping
1594236349841:exit
1594236368960:ping Hello
1594236430076:exit
1594236447573:ping Hello
1594236575350:exit
1594236593616:ping hello
1594236642714:exit
1594236660091:ping Hello
1594236778000:exit
1594236793706:ping
1594236803188:hi-iam sajeer
1594236812021:help
1594236840665:hi-iam sajeer
1594236846464:exit
1594236867944:hi-iam sajeer
1594236871628:help
1594236890145:clear
1594236893724:help
1594236914236:script
1594236927950:stacktrace
1594237385581:exit
1594237595682:cd /op
1594237623624:exit
1594237641015:cd /op
1594237648800:cd op
1594237708883:exit
1594237798681:cd /opt
1594238906919:exit
